<?xml version="1.0" encoding="UTF-8"?>
<testng-results skipped="0" failed="0" total="3" passed="3">
  <reporter-output>
  </reporter-output>
  <suite name="Suite" duration-ms="34411" started-at="2019-06-08T19:04:25Z" finished-at="2019-06-08T19:04:59Z">
    <groups>
    </groups>
    <test name="Parameter Test one" duration-ms="34411" started-at="2019-06-08T19:04:25Z" finished-at="2019-06-08T19:04:59Z">
      <class name="com.Test_Scripts.Test1">
        <test-method status="PASS" signature="setup()[pri:0, instance:com.Test_Scripts.Test1@6a2bcfcb]" name="setup" is-config="true" duration-ms="15" started-at="2019-06-09T00:34:25Z" finished-at="2019-06-09T00:34:25Z">
          <reporter-output>
          </reporter-output>
        </test-method> <!-- setup -->
        <test-method status="PASS" signature="testcase1(java.lang.String, java.lang.String)[pri:0, instance:com.Test_Scripts.Test1@6a2bcfcb]" name="testcase1" duration-ms="22313" started-at="2019-06-09T00:34:25Z" finished-at="2019-06-09T00:34:47Z">
          <params>
            <param index="0">
              <value>
                <![CDATA[chrome]]>
              </value>
            </param>
            <param index="1">
              <value>
                <![CDATA[http://automationpractice.com/index.php]]>
              </value>
            </param>
          </params>
          <reporter-output>
          </reporter-output>
        </test-method> <!-- testcase1 -->
        <test-method status="PASS" signature="login()[pri:0, instance:com.Test_Scripts.Test1@6a2bcfcb]" name="login" duration-ms="5709" started-at="2019-06-09T00:34:47Z" finished-at="2019-06-09T00:34:53Z">
          <reporter-output>
          </reporter-output>
        </test-method> <!-- login -->
        <test-method status="PASS" signature="setup()[pri:0, instance:com.Test_Scripts.Test1@6a2bcfcb]" name="setup" is-config="true" duration-ms="0" started-at="2019-06-09T00:34:47Z" finished-at="2019-06-09T00:34:47Z">
          <reporter-output>
          </reporter-output>
        </test-method> <!-- setup -->
        <test-method status="PASS" signature="setup()[pri:0, instance:com.Test_Scripts.Test1@6a2bcfcb]" name="setup" is-config="true" duration-ms="3" started-at="2019-06-09T00:34:53Z" finished-at="2019-06-09T00:34:53Z">
          <reporter-output>
          </reporter-output>
        </test-method> <!-- setup -->
        <test-method status="PASS" signature="contacts()[pri:0, instance:com.Test_Scripts.Test1@6a2bcfcb]" name="contacts" duration-ms="6350" started-at="2019-06-09T00:34:53Z" finished-at="2019-06-09T00:34:59Z">
          <reporter-output>
          </reporter-output>
        </test-method> <!-- contacts -->
      </class> <!-- com.Test_Scripts.Test1 -->
    </test> <!-- Parameter Test one -->
  </suite> <!-- Suite -->
</testng-results>
